{"C:\\Users\\chukw\\OneDrive\\Desktop\\BYUI\\SPRING 2023\\CSE341-PREP\\final-team-project\\CSE341-Final-Project\\controllers\\restaurants.js": {"path":"C:\\Users\\chukw\\OneDrive\\Desktop\\BYUI\\SPRING 2023\\CSE341-PREP\\final-team-project\\CSE341-Final-Project\\controllers\\restaurants.js","statementMap":{"0":{"start":{"line":1,"column":16},"end":{"line":1,"column":40}},"1":{"start":{"line":2,"column":17},"end":{"line":2,"column":44}},"2":{"start":{"line":4,"column":15},"end":{"line":13,"column":1}},"3":{"start":{"line":5,"column":2},"end":{"line":12,"column":3}},"4":{"start":{"line":6,"column":19},"end":{"line":6,"column":77}},"5":{"start":{"line":7,"column":18},"end":{"line":7,"column":40}},"6":{"start":{"line":8,"column":4},"end":{"line":8,"column":54}},"7":{"start":{"line":9,"column":4},"end":{"line":9,"column":32}},"8":{"start":{"line":11,"column":4},"end":{"line":11,"column":95}},"9":{"start":{"line":15,"column":18},"end":{"line":42,"column":1}},"10":{"start":{"line":29,"column":4},"end":{"line":41,"column":5}},"11":{"start":{"line":30,"column":21},"end":{"line":30,"column":48}},"12":{"start":{"line":31,"column":21},"end":{"line":31,"column":94}},"13":{"start":{"line":32,"column":20},"end":{"line":32,"column":42}},"14":{"start":{"line":33,"column":6},"end":{"line":33,"column":56}},"15":{"start":{"line":34,"column":6},"end":{"line":38,"column":7}},"16":{"start":{"line":35,"column":8},"end":{"line":35,"column":39}},"17":{"start":{"line":37,"column":8},"end":{"line":37,"column":54}},"18":{"start":{"line":40,"column":6},"end":{"line":40,"column":102}},"19":{"start":{"line":44,"column":25},"end":{"line":73,"column":1}},"20":{"start":{"line":45,"column":2},"end":{"line":72,"column":3}},"21":{"start":{"line":53,"column":8},"end":{"line":53,"column":16}},"22":{"start":{"line":55,"column":23},"end":{"line":62,"column":5}},"23":{"start":{"line":64,"column":21},"end":{"line":64,"column":94}},"24":{"start":{"line":65,"column":4},"end":{"line":69,"column":5}},"25":{"start":{"line":66,"column":6},"end":{"line":66,"column":37}},"26":{"start":{"line":68,"column":6},"end":{"line":68,"column":81}},"27":{"start":{"line":71,"column":4},"end":{"line":71,"column":96}},"28":{"start":{"line":75,"column":25},"end":{"line":114,"column":1}},"29":{"start":{"line":76,"column":2},"end":{"line":113,"column":3}},"30":{"start":{"line":77,"column":19},"end":{"line":77,"column":46}},"31":{"start":{"line":80,"column":27},"end":{"line":80,"column":112}},"32":{"start":{"line":81,"column":26},"end":{"line":81,"column":78}},"33":{"start":{"line":81,"column":57},"end":{"line":81,"column":77}},"34":{"start":{"line":82,"column":4},"end":{"line":84,"column":5}},"35":{"start":{"line":83,"column":6},"end":{"line":83,"column":101}},"36":{"start":{"line":93,"column":8},"end":{"line":93,"column":16}},"37":{"start":{"line":95,"column":23},"end":{"line":102,"column":5}},"38":{"start":{"line":104,"column":21},"end":{"line":104,"column":112}},"39":{"start":{"line":106,"column":4},"end":{"line":110,"column":5}},"40":{"start":{"line":107,"column":6},"end":{"line":107,"column":29}},"41":{"start":{"line":109,"column":6},"end":{"line":109,"column":81}},"42":{"start":{"line":112,"column":4},"end":{"line":112,"column":96}},"43":{"start":{"line":116,"column":25},"end":{"line":133,"column":1}},"44":{"start":{"line":117,"column":2},"end":{"line":132,"column":3}},"45":{"start":{"line":118,"column":19},"end":{"line":118,"column":46}},"46":{"start":{"line":119,"column":21},"end":{"line":123,"column":39}},"47":{"start":{"line":124,"column":4},"end":{"line":124,"column":26}},"48":{"start":{"line":125,"column":4},"end":{"line":129,"column":5}},"49":{"start":{"line":126,"column":6},"end":{"line":126,"column":29}},"50":{"start":{"line":128,"column":6},"end":{"line":128,"column":81}},"51":{"start":{"line":131,"column":4},"end":{"line":131,"column":96}},"52":{"start":{"line":135,"column":0},"end":{"line":141,"column":2}}},"fnMap":{"0":{"name":"(anonymous_0)","decl":{"start":{"line":4,"column":15},"end":{"line":4,"column":16}},"loc":{"start":{"line":4,"column":35},"end":{"line":13,"column":1}},"line":4},"1":{"name":"(anonymous_1)","decl":{"start":{"line":15,"column":18},"end":{"line":15,"column":19}},"loc":{"start":{"line":15,"column":38},"end":{"line":42,"column":1}},"line":15},"2":{"name":"(anonymous_2)","decl":{"start":{"line":44,"column":25},"end":{"line":44,"column":26}},"loc":{"start":{"line":44,"column":45},"end":{"line":73,"column":1}},"line":44},"3":{"name":"(anonymous_3)","decl":{"start":{"line":75,"column":25},"end":{"line":75,"column":26}},"loc":{"start":{"line":75,"column":45},"end":{"line":114,"column":1}},"line":75},"4":{"name":"(anonymous_4)","decl":{"start":{"line":81,"column":48},"end":{"line":81,"column":49}},"loc":{"start":{"line":81,"column":57},"end":{"line":81,"column":77}},"line":81},"5":{"name":"(anonymous_5)","decl":{"start":{"line":116,"column":25},"end":{"line":116,"column":26}},"loc":{"start":{"line":116,"column":45},"end":{"line":133,"column":1}},"line":116}},"branchMap":{"0":{"loc":{"start":{"line":11,"column":25},"end":{"line":11,"column":93}},"type":"binary-expr","locations":[{"start":{"line":11,"column":25},"end":{"line":11,"column":38}},{"start":{"line":11,"column":42},"end":{"line":11,"column":93}}],"line":11},"1":{"loc":{"start":{"line":34,"column":6},"end":{"line":38,"column":7}},"type":"if","locations":[{"start":{"line":34,"column":6},"end":{"line":38,"column":7}},{"start":{"line":36,"column":13},"end":{"line":38,"column":7}}],"line":34},"2":{"loc":{"start":{"line":40,"column":27},"end":{"line":40,"column":100}},"type":"binary-expr","locations":[{"start":{"line":40,"column":28},"end":{"line":40,"column":41}},{"start":{"line":40,"column":46},"end":{"line":40,"column":100}}],"line":40},"3":{"loc":{"start":{"line":65,"column":4},"end":{"line":69,"column":5}},"type":"if","locations":[{"start":{"line":65,"column":4},"end":{"line":69,"column":5}},{"start":{"line":67,"column":11},"end":{"line":69,"column":5}}],"line":65},"4":{"loc":{"start":{"line":71,"column":25},"end":{"line":71,"column":94}},"type":"binary-expr","locations":[{"start":{"line":71,"column":25},"end":{"line":71,"column":38}},{"start":{"line":71,"column":42},"end":{"line":71,"column":94}}],"line":71},"5":{"loc":{"start":{"line":82,"column":4},"end":{"line":84,"column":5}},"type":"if","locations":[{"start":{"line":82,"column":4},"end":{"line":84,"column":5}},{"start":{},"end":{}}],"line":82},"6":{"loc":{"start":{"line":106,"column":4},"end":{"line":110,"column":5}},"type":"if","locations":[{"start":{"line":106,"column":4},"end":{"line":110,"column":5}},{"start":{"line":108,"column":11},"end":{"line":110,"column":5}}],"line":106},"7":{"loc":{"start":{"line":112,"column":25},"end":{"line":112,"column":94}},"type":"binary-expr","locations":[{"start":{"line":112,"column":25},"end":{"line":112,"column":38}},{"start":{"line":112,"column":42},"end":{"line":112,"column":94}}],"line":112},"8":{"loc":{"start":{"line":125,"column":4},"end":{"line":129,"column":5}},"type":"if","locations":[{"start":{"line":125,"column":4},"end":{"line":129,"column":5}},{"start":{"line":127,"column":11},"end":{"line":129,"column":5}}],"line":125},"9":{"loc":{"start":{"line":131,"column":25},"end":{"line":131,"column":94}},"type":"binary-expr","locations":[{"start":{"line":131,"column":25},"end":{"line":131,"column":38}},{"start":{"line":131,"column":42},"end":{"line":131,"column":94}}],"line":131}},"s":{"0":1,"1":1,"2":1,"3":2,"4":2,"5":2,"6":1,"7":1,"8":1,"9":1,"10":2,"11":2,"12":0,"13":0,"14":0,"15":0,"16":0,"17":0,"18":2,"19":1,"20":0,"21":0,"22":0,"23":0,"24":0,"25":0,"26":0,"27":0,"28":1,"29":0,"30":0,"31":0,"32":0,"33":0,"34":0,"35":0,"36":0,"37":0,"38":0,"39":0,"40":0,"41":0,"42":0,"43":1,"44":0,"45":0,"46":0,"47":0,"48":0,"49":0,"50":0,"51":0,"52":1},"f":{"0":2,"1":2,"2":0,"3":0,"4":0,"5":0},"b":{"0":[1,0],"1":[0,0],"2":[2,0],"3":[0,0],"4":[0,0],"5":[0,0],"6":[0,0],"7":[0,0],"8":[0,0],"9":[0,0]},"_coverageSchema":"1a1c01bbd47fc00a2c39e90264f33305004495a9","hash":"c92253c12b1ee5b5a3be138025e30471d8b52625"}
}
